[debug] [2023-01-15T16:42:48.291Z] ----------------------------------------------------------------------
[debug] [2023-01-15T16:42:48.296Z] Command:       /opt/homebrew/Cellar/node/19.4.0/bin/node /opt/homebrew/bin/firebase init hosting
[debug] [2023-01-15T16:42:48.297Z] CLI Version:   11.20.0
[debug] [2023-01-15T16:42:48.297Z] Platform:      darwin
[debug] [2023-01-15T16:42:48.297Z] Node Version:  v19.4.0
[debug] [2023-01-15T16:42:48.297Z] Time:          Sun Jan 15 2023 16:42:48 GMT+0000 (Greenwich Mean Time)
[debug] [2023-01-15T16:42:48.297Z] ----------------------------------------------------------------------
[debug] 
[debug] [2023-01-15T16:42:48.349Z] > command requires scopes: ["email","openid","https://www.googleapis.com/auth/cloudplatformprojects.readonly","https://www.googleapis.com/auth/firebase","https://www.googleapis.com/auth/cloud-platform"]
[debug] [2023-01-15T16:42:48.349Z] > authorizing via signed-in user (sabinaleitoiu91@gmail.com)
[info] 
     ######## #### ########  ######## ########     ###     ######  ########
     ##        ##  ##     ## ##       ##     ##  ##   ##  ##       ##
     ######    ##  ########  ######   ########  #########  ######  ######
     ##        ##  ##    ##  ##       ##     ## ##     ##       ## ##
     ##       #### ##     ## ######## ########  ##     ##  ######  ########

You're about to initialize a Firebase project in this directory:

  /Users/sabina/StudioProjects/Portfolio

Before we get started, keep in mind:

  * You are initializing within an existing Firebase project directory

[info] 
=== Project Setup
[info] 
[info] First, let's associate this project directory with a Firebase project.
[info] You can create multiple project aliases by running firebase use --add, 
[info] but for now we'll just set up a default project.
[info] 
[debug] [2023-01-15T16:42:48.352Z] Using project from CLI flag: sabina-leitoiu-portfolio
[debug] [2023-01-15T16:42:48.354Z] >>> [apiv2][query] GET https://firebase.googleapis.com/v1beta1/projects/sabina-leitoiu-portfolio [none]
[debug] [2023-01-15T16:42:48.596Z] <<< [apiv2][status] GET https://firebase.googleapis.com/v1beta1/projects/sabina-leitoiu-portfolio 200
[debug] [2023-01-15T16:42:48.596Z] <<< [apiv2][body] GET https://firebase.googleapis.com/v1beta1/projects/sabina-leitoiu-portfolio {"projectId":"sabina-leitoiu-portfolio","projectNumber":"852521677121","displayName":"Portfolio","name":"projects/sabina-leitoiu-portfolio","resources":{"hostingSite":"sabina-leitoiu-portfolio","storageBucket":"sabina-leitoiu-portfolio.appspot.com","locationId":"europe-west"},"state":"ACTIVE","etag":"1_82530949-7edd-4f6d-aa6e-16459a7b0512"}
[info] i  Using project sabina-leitoiu-portfolio (Portfolio) 
[info] 
=== Hosting Setup
[info] 
[info] Your public directory is the folder (relative to your project directory) that
[info] will contain Hosting assets to be uploaded with firebase deploy. If you
[info] have a build process for your assets, use your build's output directory.
[info] 
